<?xml version="1.0" encoding="UTF-8"?>
<testng-results skipped="0" failed="0" total="1" passed="1">
  <reporter-output>
  </reporter-output>
  <suite name="Default suite" duration-ms="1998" started-at="2019-11-05T07:19:32Z" finished-at="2019-11-05T07:19:34Z">
    <groups>
    </groups>
    <test name="Default test" duration-ms="1998" started-at="2019-11-05T07:19:32Z" finished-at="2019-11-05T07:19:34Z">
      <class name="com.test.perform.GetFPS">
        <test-method status="PASS" signature="run()[pri:0, instance:Thread[Thread-0,5,main]]" name="run" duration-ms="1977" started-at="2019-11-05T15:19:32Z" finished-at="2019-11-05T15:19:34Z">
          <reporter-output>
          </reporter-output>
        </test-method> <!-- run -->
      </class> <!-- com.test.perform.GetFPS -->
    </test> <!-- Default test -->
  </suite> <!-- Default suite -->
</testng-results>
